2025-07-03 18:02:54,686 - INFO - Chrome browser initialized successfully
2025-07-03 18:02:54,687 - INFO - Starting web automation...
2025-07-03 18:02:54,688 - INFO - Starting login process...
2025-07-03 18:02:54,689 - INFO - Navigating to: https://example.com/login
2025-07-03 18:02:56,940 - INFO - Successfully navigated to: https://example.com/login
2025-07-03 18:02:56,941 - INFO - Looking for input field: #username
2025-07-03 18:03:06,962 - ERROR - Input field not found: #username
2025-07-03 18:03:06,963 - ERROR - Login failed: Message: 
Stacktrace:
	GetHandleVerifier [0x0x7ff61e626f95+76917]
	GetHandleVerifier [0x0x7ff61e626ff0+77008]
	(No symbol) [0x0x7ff61e3d9dea]
	(No symbol) [0x0x7ff61e430256]
	(No symbol) [0x0x7ff61e43050c]
	(No symbol) [0x0x7ff61e483887]
	(No symbol) [0x0x7ff61e4584af]
	(No symbol) [0x0x7ff61e48065c]
	(No symbol) [0x0x7ff61e458243]
	(No symbol) [0x0x7ff61e421431]
	(No symbol) [0x0x7ff61e4221c3]
	GetHandleVerifier [0x0x7ff61e8fd2cd+3051437]
	GetHandleVerifier [0x0x7ff61e8f7923+3028483]
	GetHandleVerifier [0x0x7ff61e9158bd+3151261]
	GetHandleVerifier [0x0x7ff61e64185e+185662]
	GetHandleVerifier [0x0x7ff61e64971f+218111]
	GetHandleVerifier [0x0x7ff61e62fb14+112628]
	GetHandleVerifier [0x0x7ff61e62fcc9+113065]
	GetHandleVerifier [0x0x7ff61e616c98+10616]
	BaseThreadInitThunk [0x0x7ffe97d1e8d7+23]
	RtlUserThreadStart [0x0x7ffe98f7c34c+44]

2025-07-03 18:03:06,965 - ERROR - Login failed. Stopping automation.
2025-07-03 18:03:09,440 - INFO - Browser closed
2025-07-03 18:11:37,904 - INFO - Chrome browser initialized successfully
2025-07-03 18:11:37,905 - INFO - Starting web automation...
2025-07-03 18:11:37,906 - INFO - Starting login process...
2025-07-03 18:11:37,906 - INFO - Navigating to: https://example.com/login
2025-07-03 18:11:40,326 - INFO - Successfully navigated to: https://example.com/login
2025-07-03 18:11:40,327 - INFO - Looking for input field: #username
2025-07-03 18:11:50,736 - ERROR - Input field not found: #username
2025-07-03 18:11:50,737 - ERROR - Login failed: Message: 
Stacktrace:
	GetHandleVerifier [0x0x7ff61e626f95+76917]
	GetHandleVerifier [0x0x7ff61e626ff0+77008]
	(No symbol) [0x0x7ff61e3d9dea]
	(No symbol) [0x0x7ff61e430256]
	(No symbol) [0x0x7ff61e43050c]
	(No symbol) [0x0x7ff61e483887]
	(No symbol) [0x0x7ff61e4584af]
	(No symbol) [0x0x7ff61e48065c]
	(No symbol) [0x0x7ff61e458243]
	(No symbol) [0x0x7ff61e421431]
	(No symbol) [0x0x7ff61e4221c3]
	GetHandleVerifier [0x0x7ff61e8fd2cd+3051437]
	GetHandleVerifier [0x0x7ff61e8f7923+3028483]
	GetHandleVerifier [0x0x7ff61e9158bd+3151261]
	GetHandleVerifier [0x0x7ff61e64185e+185662]
	GetHandleVerifier [0x0x7ff61e64971f+218111]
	GetHandleVerifier [0x0x7ff61e62fb14+112628]
	GetHandleVerifier [0x0x7ff61e62fcc9+113065]
	GetHandleVerifier [0x0x7ff61e616c98+10616]
	BaseThreadInitThunk [0x0x7ffe97d1e8d7+23]
	RtlUserThreadStart [0x0x7ffe98f7c34c+44]

2025-07-03 18:11:50,738 - ERROR - Login failed. Stopping automation.
2025-07-03 18:11:53,023 - INFO - Browser closed
2025-07-03 18:18:53,144 - INFO - Chrome browser initialized successfully
2025-07-03 18:18:53,144 - INFO - Starting UPRS web automation...
2025-07-03 18:18:53,145 - INFO - Starting login process...
2025-07-03 18:18:53,145 - INFO - Navigating to: https://rears.retainedequity.com/#/
2025-07-03 18:18:56,195 - INFO - Successfully navigated to: https://rears.retainedequity.com/#/
2025-07-03 18:18:59,197 - INFO - Looking for input field: #username
2025-07-03 18:19:02,724 - ERROR - Input field not found: #username
2025-07-03 18:19:02,724 - INFO - Looking for input field: input[name="username"]
2025-07-03 18:19:06,263 - ERROR - Input field not found: input[name="username"]
2025-07-03 18:19:06,264 - INFO - Looking for input field: input[name="email"]
2025-07-03 18:19:09,788 - ERROR - Input field not found: input[name="email"]
2025-07-03 18:19:09,789 - INFO - Looking for input field: input[type="text"]
2025-07-03 18:19:09,919 - INFO - Successfully entered text in: input[type="text"]
2025-07-03 18:19:10,420 - INFO - Username entered using selector: input[type="text"]
2025-07-03 18:19:10,421 - INFO - Looking for input field: #password
2025-07-03 18:19:13,971 - ERROR - Input field not found: #password
2025-07-03 18:19:13,972 - INFO - Looking for input field: input[name="password"]
2025-07-03 18:19:17,522 - ERROR - Input field not found: input[name="password"]
2025-07-03 18:19:17,522 - INFO - Looking for input field: input[type="password"]
2025-07-03 18:19:17,722 - INFO - Successfully entered text in: input[type="password"]
2025-07-03 18:19:18,224 - INFO - Password entered using selector: input[type="password"]
2025-07-03 18:19:18,226 - INFO - Looking for element: button[type="submit"]
2025-07-03 18:19:21,788 - ERROR - Element not found or not clickable: button[type="submit"]
2025-07-03 18:19:21,789 - INFO - Looking for element: button[type="submit"]
2025-07-03 18:19:25,341 - ERROR - Element not found or not clickable: button[type="submit"]
2025-07-03 18:19:25,343 - INFO - Looking for element: input[type="submit"]
2025-07-03 18:19:28,893 - ERROR - Element not found or not clickable: input[type="submit"]
2025-07-03 18:19:28,894 - INFO - Looking for element: .login-btn
2025-07-03 18:19:32,401 - ERROR - Element not found or not clickable: .login-btn
2025-07-03 18:19:32,402 - INFO - Looking for element: .btn-login
2025-07-03 18:19:35,961 - ERROR - Element not found or not clickable: .btn-login
2025-07-03 18:19:35,962 - INFO - Looking for element: #login-btn
2025-07-03 18:19:39,588 - ERROR - Element not found or not clickable: #login-btn
2025-07-03 18:19:39,589 - INFO - Looking for element: #submit
2025-07-03 18:19:43,177 - ERROR - Element not found or not clickable: #submit
2025-07-03 18:19:43,177 - ERROR - Could not find login button
2025-07-03 18:19:43,178 - ERROR - Login failed. Stopping automation.
2025-07-03 18:19:45,441 - INFO - Browser closed
2025-07-03 18:20:56,663 - INFO - Chrome browser initialized successfully
2025-07-03 18:20:56,666 - INFO - Starting UPRS web automation...
2025-07-03 18:20:56,667 - INFO - Starting login process...
2025-07-03 18:20:56,667 - INFO - Navigating to: https://rears.retainedequity.com/#/
2025-07-03 18:20:58,819 - INFO - Successfully navigated to: https://rears.retainedequity.com/#/
2025-07-03 18:21:01,822 - INFO - === DEBUGGING PAGE ELEMENTS ===
2025-07-03 18:21:01,849 - INFO - Found 7 input elements:
2025-07-03 18:21:01,918 - INFO -   Input 1: type='text', id='usern', name='no-name', class='uk-input uk-border-rounded'
2025-07-03 18:21:01,994 - INFO -   Input 2: type='password', id='pass', name='no-name', class='uk-input uk-border-rounded'
2025-07-03 18:21:02,040 - INFO -   Input 3: type='text', id='txtFirstName', name='no-name', class='no-class'
2025-07-03 18:21:02,080 - INFO -   Input 4: type='text', id='txtLastName', name='no-name', class='no-class'
2025-07-03 18:21:02,124 - INFO -   Input 5: type='text', id='txtLinkedIn', name='no-name', class='no-class'
2025-07-03 18:21:02,169 - INFO -   Input 6: type='checkbox', id='chkPrimaryContact', name='no-name', class='no-class'
2025-07-03 18:21:02,214 - INFO -   Input 7: type='text', id='txtPersonId', name='no-name', class='no-class'
2025-07-03 18:21:02,229 - INFO - Found 1 button elements:
2025-07-03 18:21:02,282 - INFO -   Button 1: text='LOGIN', id='no-id', class='uk-button uk-border-rounded uk-width-1-1 loginBtn button secondaryButton ui-button ui-widget ui-state-default ui-corner-all ui-button-text-only', type='submit'
2025-07-03 18:21:05,341 - INFO - Found 0 submit input elements:
2025-07-03 18:21:05,342 - INFO - === END DEBUGGING ===
2025-07-03 18:21:05,342 - INFO - Looking for input field: #username
2025-07-03 18:21:08,891 - ERROR - Input field not found: #username
2025-07-03 18:21:08,892 - INFO - Looking for input field: input[name="username"]
2025-07-03 18:21:12,447 - ERROR - Input field not found: input[name="username"]
2025-07-03 18:21:12,448 - INFO - Looking for input field: input[name="email"]
2025-07-03 18:21:15,957 - ERROR - Input field not found: input[name="email"]
2025-07-03 18:21:15,958 - INFO - Looking for input field: input[type="text"]
2025-07-03 18:21:16,120 - INFO - Successfully entered text in: input[type="text"]
2025-07-03 18:21:16,621 - INFO - Username entered using selector: input[type="text"]
2025-07-03 18:21:16,622 - INFO - Looking for input field: #password
2025-07-03 18:21:20,179 - ERROR - Input field not found: #password
2025-07-03 18:21:20,180 - INFO - Looking for input field: input[name="password"]
2025-07-03 18:21:23,701 - ERROR - Input field not found: input[name="password"]
2025-07-03 18:21:23,702 - INFO - Looking for input field: input[type="password"]
2025-07-03 18:21:23,914 - INFO - Successfully entered text in: input[type="password"]
2025-07-03 18:21:24,415 - INFO - Password entered using selector: input[type="password"]
2025-07-03 18:21:24,416 - INFO - Attempting to click login button with selector: button[type="submit"]
2025-07-03 18:21:24,416 - INFO - Looking for element: button[type="submit"]
2025-07-03 18:21:27,928 - ERROR - Element not found or not clickable: button[type="submit"]
2025-07-03 18:21:27,936 - WARNING - Failed to click login button with selector 'button[type="submit"]': Message: 
Stacktrace:
	GetHandleVerifier [0x0x7ff61e626f95+76917]
	GetHandleVerifier [0x0x7ff61e626ff0+77008]
	(No symbol) [0x0x7ff61e3d9dea]
	(No symbol) [0x0x7ff61e430256]
	(No symbol) [0x0x7ff61e43050c]
	(No symbol) [0x0x7ff61e483887]
	(No symbol) [0x0x7ff61e4584af]
	(No symbol) [0x0x7ff61e48065c]
	(No symbol) [0x0x7ff61e458243]
	(No symbol) [0x0x7ff61e421431]
	(No symbol) [0x0x7ff61e4221c3]
	GetHandleVerifier [0x0x7ff61e8fd2cd+3051437]
	GetHandleVerifier [0x0x7ff61e8f7923+3028483]
	GetHandleVerifier [0x0x7ff61e9158bd+3151261]
	GetHandleVerifier [0x0x7ff61e64185e+185662]
	GetHandleVerifier [0x0x7ff61e64971f+218111]
	GetHandleVerifier [0x0x7ff61e62fb14+112628]
	GetHandleVerifier [0x0x7ff61e62fcc9+113065]
	GetHandleVerifier [0x0x7ff61e616c98+10616]
	BaseThreadInitThunk [0x0x7ffe97d1e8d7+23]
	RtlUserThreadStart [0x0x7ffe98f7c34c+44]

2025-07-03 18:21:27,937 - INFO - Attempting to click login button with selector: button[type="submit"]
2025-07-03 18:21:27,938 - INFO - Looking for element: button[type="submit"]
2025-07-03 18:21:31,475 - ERROR - Element not found or not clickable: button[type="submit"]
2025-07-03 18:21:31,476 - WARNING - Failed to click login button with selector 'button[type="submit"]': Message: 
Stacktrace:
	GetHandleVerifier [0x0x7ff61e626f95+76917]
	GetHandleVerifier [0x0x7ff61e626ff0+77008]
	(No symbol) [0x0x7ff61e3d9dea]
	(No symbol) [0x0x7ff61e430256]
	(No symbol) [0x0x7ff61e43050c]
	(No symbol) [0x0x7ff61e483887]
	(No symbol) [0x0x7ff61e4584af]
	(No symbol) [0x0x7ff61e48065c]
	(No symbol) [0x0x7ff61e458243]
	(No symbol) [0x0x7ff61e421431]
	(No symbol) [0x0x7ff61e4221c3]
	GetHandleVerifier [0x0x7ff61e8fd2cd+3051437]
	GetHandleVerifier [0x0x7ff61e8f7923+3028483]
	GetHandleVerifier [0x0x7ff61e9158bd+3151261]
	GetHandleVerifier [0x0x7ff61e64185e+185662]
	GetHandleVerifier [0x0x7ff61e64971f+218111]
	GetHandleVerifier [0x0x7ff61e62fb14+112628]
	GetHandleVerifier [0x0x7ff61e62fcc9+113065]
	GetHandleVerifier [0x0x7ff61e616c98+10616]
	BaseThreadInitThunk [0x0x7ffe97d1e8d7+23]
	RtlUserThreadStart [0x0x7ffe98f7c34c+44]

2025-07-03 18:21:31,477 - INFO - Attempting to click login button with selector: input[type="submit"]
2025-07-03 18:21:31,478 - INFO - Looking for element: input[type="submit"]
2025-07-03 18:21:35,049 - ERROR - Element not found or not clickable: input[type="submit"]
2025-07-03 18:21:35,050 - WARNING - Failed to click login button with selector 'input[type="submit"]': Message: 
Stacktrace:
	GetHandleVerifier [0x0x7ff61e626f95+76917]
	GetHandleVerifier [0x0x7ff61e626ff0+77008]
	(No symbol) [0x0x7ff61e3d9dea]
	(No symbol) [0x0x7ff61e430256]
	(No symbol) [0x0x7ff61e43050c]
	(No symbol) [0x0x7ff61e483887]
	(No symbol) [0x0x7ff61e4584af]
	(No symbol) [0x0x7ff61e48065c]
	(No symbol) [0x0x7ff61e458243]
	(No symbol) [0x0x7ff61e421431]
	(No symbol) [0x0x7ff61e4221c3]
	GetHandleVerifier [0x0x7ff61e8fd2cd+3051437]
	GetHandleVerifier [0x0x7ff61e8f7923+3028483]
	GetHandleVerifier [0x0x7ff61e9158bd+3151261]
	GetHandleVerifier [0x0x7ff61e64185e+185662]
	GetHandleVerifier [0x0x7ff61e64971f+218111]
	GetHandleVerifier [0x0x7ff61e62fb14+112628]
	GetHandleVerifier [0x0x7ff61e62fcc9+113065]
	GetHandleVerifier [0x0x7ff61e616c98+10616]
	BaseThreadInitThunk [0x0x7ffe97d1e8d7+23]
	RtlUserThreadStart [0x0x7ffe98f7c34c+44]

2025-07-03 18:21:35,051 - INFO - Attempting to click login button with selector: .login-btn
2025-07-03 18:21:35,051 - INFO - Looking for element: .login-btn
2025-07-03 18:21:38,615 - ERROR - Element not found or not clickable: .login-btn
2025-07-03 18:21:38,616 - WARNING - Failed to click login button with selector '.login-btn': Message: 
Stacktrace:
	GetHandleVerifier [0x0x7ff61e626f95+76917]
	GetHandleVerifier [0x0x7ff61e626ff0+77008]
	(No symbol) [0x0x7ff61e3d9dea]
	(No symbol) [0x0x7ff61e430256]
	(No symbol) [0x0x7ff61e43050c]
	(No symbol) [0x0x7ff61e483887]
	(No symbol) [0x0x7ff61e4584af]
	(No symbol) [0x0x7ff61e48065c]
	(No symbol) [0x0x7ff61e458243]
	(No symbol) [0x0x7ff61e421431]
	(No symbol) [0x0x7ff61e4221c3]
	GetHandleVerifier [0x0x7ff61e8fd2cd+3051437]
	GetHandleVerifier [0x0x7ff61e8f7923+3028483]
	GetHandleVerifier [0x0x7ff61e9158bd+3151261]
	GetHandleVerifier [0x0x7ff61e64185e+185662]
	GetHandleVerifier [0x0x7ff61e64971f+218111]
	GetHandleVerifier [0x0x7ff61e62fb14+112628]
	GetHandleVerifier [0x0x7ff61e62fcc9+113065]
	GetHandleVerifier [0x0x7ff61e616c98+10616]
	BaseThreadInitThunk [0x0x7ffe97d1e8d7+23]
	RtlUserThreadStart [0x0x7ffe98f7c34c+44]

2025-07-03 18:21:38,618 - INFO - Attempting to click login button with selector: .btn-login
2025-07-03 18:21:38,619 - INFO - Looking for element: .btn-login
2025-07-03 18:21:42,157 - ERROR - Element not found or not clickable: .btn-login
2025-07-03 18:21:42,157 - WARNING - Failed to click login button with selector '.btn-login': Message: 
Stacktrace:
	GetHandleVerifier [0x0x7ff61e626f95+76917]
	GetHandleVerifier [0x0x7ff61e626ff0+77008]
	(No symbol) [0x0x7ff61e3d9dea]
	(No symbol) [0x0x7ff61e430256]
	(No symbol) [0x0x7ff61e43050c]
	(No symbol) [0x0x7ff61e483887]
	(No symbol) [0x0x7ff61e4584af]
	(No symbol) [0x0x7ff61e48065c]
	(No symbol) [0x0x7ff61e458243]
	(No symbol) [0x0x7ff61e421431]
	(No symbol) [0x0x7ff61e4221c3]
	GetHandleVerifier [0x0x7ff61e8fd2cd+3051437]
	GetHandleVerifier [0x0x7ff61e8f7923+3028483]
	GetHandleVerifier [0x0x7ff61e9158bd+3151261]
	GetHandleVerifier [0x0x7ff61e64185e+185662]
	GetHandleVerifier [0x0x7ff61e64971f+218111]
	GetHandleVerifier [0x0x7ff61e62fb14+112628]
	GetHandleVerifier [0x0x7ff61e62fcc9+113065]
	GetHandleVerifier [0x0x7ff61e616c98+10616]
	BaseThreadInitThunk [0x0x7ffe97d1e8d7+23]
	RtlUserThreadStart [0x0x7ffe98f7c34c+44]

2025-07-03 18:21:42,160 - INFO - Attempting to click login button with selector: #login-btn
2025-07-03 18:21:42,160 - INFO - Looking for element: #login-btn
2025-07-03 18:21:45,707 - ERROR - Element not found or not clickable: #login-btn
2025-07-03 18:21:45,708 - WARNING - Failed to click login button with selector '#login-btn': Message: 
Stacktrace:
	GetHandleVerifier [0x0x7ff61e626f95+76917]
	GetHandleVerifier [0x0x7ff61e626ff0+77008]
	(No symbol) [0x0x7ff61e3d9dea]
	(No symbol) [0x0x7ff61e430256]
	(No symbol) [0x0x7ff61e43050c]
	(No symbol) [0x0x7ff61e483887]
	(No symbol) [0x0x7ff61e4584af]
	(No symbol) [0x0x7ff61e48065c]
	(No symbol) [0x0x7ff61e458243]
	(No symbol) [0x0x7ff61e421431]
	(No symbol) [0x0x7ff61e4221c3]
	GetHandleVerifier [0x0x7ff61e8fd2cd+3051437]
	GetHandleVerifier [0x0x7ff61e8f7923+3028483]
	GetHandleVerifier [0x0x7ff61e9158bd+3151261]
	GetHandleVerifier [0x0x7ff61e64185e+185662]
	GetHandleVerifier [0x0x7ff61e64971f+218111]
	GetHandleVerifier [0x0x7ff61e62fb14+112628]
	GetHandleVerifier [0x0x7ff61e62fcc9+113065]
	GetHandleVerifier [0x0x7ff61e616c98+10616]
	BaseThreadInitThunk [0x0x7ffe97d1e8d7+23]
	RtlUserThreadStart [0x0x7ffe98f7c34c+44]

2025-07-03 18:21:45,711 - INFO - Attempting to click login button with selector: #submit
2025-07-03 18:21:45,712 - INFO - Looking for element: #submit
2025-07-03 18:21:49,304 - ERROR - Element not found or not clickable: #submit
2025-07-03 18:21:49,309 - WARNING - Failed to click login button with selector '#submit': Message: 
Stacktrace:
	GetHandleVerifier [0x0x7ff61e626f95+76917]
	GetHandleVerifier [0x0x7ff61e626ff0+77008]
	(No symbol) [0x0x7ff61e3d9dea]
	(No symbol) [0x0x7ff61e430256]
	(No symbol) [0x0x7ff61e43050c]
	(No symbol) [0x0x7ff61e483887]
	(No symbol) [0x0x7ff61e4584af]
	(No symbol) [0x0x7ff61e48065c]
	(No symbol) [0x0x7ff61e458243]
	(No symbol) [0x0x7ff61e421431]
	(No symbol) [0x0x7ff61e4221c3]
	GetHandleVerifier [0x0x7ff61e8fd2cd+3051437]
	GetHandleVerifier [0x0x7ff61e8f7923+3028483]
	GetHandleVerifier [0x0x7ff61e9158bd+3151261]
	GetHandleVerifier [0x0x7ff61e64185e+185662]
	GetHandleVerifier [0x0x7ff61e64971f+218111]
	GetHandleVerifier [0x0x7ff61e62fb14+112628]
	GetHandleVerifier [0x0x7ff61e62fcc9+113065]
	GetHandleVerifier [0x0x7ff61e616c98+10616]
	BaseThreadInitThunk [0x0x7ffe97d1e8d7+23]
	RtlUserThreadStart [0x0x7ffe98f7c34c+44]

2025-07-03 18:21:49,309 - ERROR - Could not find or click login button with any selector
2025-07-03 18:21:49,309 - INFO - Attempting to find login button by text content...
2025-07-03 18:21:49,310 - INFO - Looking for element: //button[contains(text(), 'Login')]
2025-07-03 18:21:52,867 - ERROR - Element not found or not clickable: //button[contains(text(), 'Login')]
2025-07-03 18:21:52,869 - INFO - Looking for element: //button[contains(text(), 'Sign In')]
2025-07-03 18:21:56,444 - ERROR - Element not found or not clickable: //button[contains(text(), 'Sign In')]
2025-07-03 18:21:56,445 - INFO - Looking for element: //button[contains(text(), 'Log In')]
2025-07-03 18:21:59,966 - ERROR - Element not found or not clickable: //button[contains(text(), 'Log In')]
2025-07-03 18:21:59,967 - INFO - Looking for element: //input[@value='Login']
2025-07-03 18:22:03,519 - ERROR - Element not found or not clickable: //input[@value='Login']
2025-07-03 18:22:03,520 - INFO - Looking for element: //input[@value='Sign In']
2025-07-03 18:22:07,048 - ERROR - Element not found or not clickable: //input[@value='Sign In']
2025-07-03 18:22:07,049 - INFO - Looking for element: //input[@value='Log In']
2025-07-03 18:22:10,586 - ERROR - Element not found or not clickable: //input[@value='Log In']
2025-07-03 18:22:10,586 - ERROR - All login button attempts failed
2025-07-03 18:22:10,587 - INFO - Attempting force click as last resort...
2025-07-03 18:22:10,587 - INFO - Attempting to force click login button using JavaScript...
2025-07-03 18:22:22,514 - ERROR - Force click login button failed
2025-07-03 18:22:22,515 - ERROR - All login button attempts including force click failed
2025-07-03 18:22:22,515 - ERROR - Login failed. Stopping automation.
2025-07-03 18:22:44,408 - INFO - Browser closed
2025-07-03 20:00:11,101 - INFO - Chrome browser initialized successfully
2025-07-03 20:00:11,102 - INFO - Starting UPRS web automation...
2025-07-03 20:00:11,103 - INFO - Starting login process...
2025-07-03 20:00:11,103 - INFO - Navigating to: https://rears.retainedequity.com/#/
2025-07-03 20:00:17,169 - INFO - Successfully navigated to: https://rears.retainedequity.com/#/
2025-07-03 20:00:20,172 - INFO - === DEBUGGING PAGE ELEMENTS ===
2025-07-03 20:00:20,242 - INFO - Found 7 input elements:
2025-07-03 20:00:20,328 - INFO -   Input 1: type='text', id='usern', name='no-name', class='uk-input uk-border-rounded'
2025-07-03 20:00:20,487 - INFO -   Input 2: type='password', id='pass', name='no-name', class='uk-input uk-border-rounded'
2025-07-03 20:00:20,549 - INFO -   Input 3: type='text', id='txtFirstName', name='no-name', class='no-class'
2025-07-03 20:00:20,608 - INFO -   Input 4: type='text', id='txtLastName', name='no-name', class='no-class'
2025-07-03 20:00:20,665 - INFO -   Input 5: type='text', id='txtLinkedIn', name='no-name', class='no-class'
2025-07-03 20:00:20,724 - INFO -   Input 6: type='checkbox', id='chkPrimaryContact', name='no-name', class='no-class'
2025-07-03 20:00:20,775 - INFO -   Input 7: type='text', id='txtPersonId', name='no-name', class='no-class'
2025-07-03 20:00:20,796 - INFO - Found 1 button elements:
2025-07-03 20:00:20,924 - INFO -   Button 1: text='LOGIN', id='no-id', class='uk-button uk-border-rounded uk-width-1-1 loginBtn button secondaryButton ui-button ui-widget ui-state-default ui-corner-all ui-button-text-only', type='submit'
2025-07-03 20:00:23,950 - INFO - Found 0 submit input elements:
2025-07-03 20:00:23,951 - INFO - === END DEBUGGING ===
2025-07-03 20:00:23,951 - INFO - Looking for input field: #username
2025-07-03 20:00:27,475 - ERROR - Input field not found: #username
2025-07-03 20:00:27,479 - INFO - Looking for input field: input[name="username"]
2025-07-03 20:00:31,011 - ERROR - Input field not found: input[name="username"]
2025-07-03 20:00:31,012 - INFO - Looking for input field: input[name="email"]
2025-07-03 20:00:34,567 - ERROR - Input field not found: input[name="email"]
2025-07-03 20:00:34,568 - INFO - Looking for input field: input[type="text"]
2025-07-03 20:00:34,816 - INFO - Successfully entered text in: input[type="text"]
2025-07-03 20:00:35,317 - INFO - Username entered using selector: input[type="text"]
2025-07-03 20:00:35,318 - INFO - Looking for input field: #password
2025-07-03 20:00:38,900 - ERROR - Input field not found: #password
2025-07-03 20:00:38,901 - INFO - Looking for input field: input[name="password"]
2025-07-03 20:00:42,427 - ERROR - Input field not found: input[name="password"]
2025-07-03 20:00:42,428 - INFO - Looking for input field: input[type="password"]
2025-07-03 20:00:42,746 - INFO - Successfully entered text in: input[type="password"]
2025-07-03 20:00:43,247 - INFO - Password entered using selector: input[type="password"]
2025-07-03 20:00:43,248 - INFO - Attempting to click login button with selector: button[type="submit"]
2025-07-03 20:00:43,248 - INFO - Looking for element: button[type="submit"]
2025-07-03 20:00:46,800 - ERROR - Element not found or not clickable: button[type="submit"]
2025-07-03 20:00:46,801 - WARNING - Failed to click login button with selector 'button[type="submit"]': Message: 
Stacktrace:
	GetHandleVerifier [0x0x7ff7cf036f95+76917]
	GetHandleVerifier [0x0x7ff7cf036ff0+77008]
	(No symbol) [0x0x7ff7cede9dea]
	(No symbol) [0x0x7ff7cee40256]
	(No symbol) [0x0x7ff7cee4050c]
	(No symbol) [0x0x7ff7cee93887]
	(No symbol) [0x0x7ff7cee684af]
	(No symbol) [0x0x7ff7cee9065c]
	(No symbol) [0x0x7ff7cee68243]
	(No symbol) [0x0x7ff7cee31431]
	(No symbol) [0x0x7ff7cee321c3]
	GetHandleVerifier [0x0x7ff7cf30d2cd+3051437]
	GetHandleVerifier [0x0x7ff7cf307923+3028483]
	GetHandleVerifier [0x0x7ff7cf3258bd+3151261]
	GetHandleVerifier [0x0x7ff7cf05185e+185662]
	GetHandleVerifier [0x0x7ff7cf05971f+218111]
	GetHandleVerifier [0x0x7ff7cf03fb14+112628]
	GetHandleVerifier [0x0x7ff7cf03fcc9+113065]
	GetHandleVerifier [0x0x7ff7cf026c98+10616]
	BaseThreadInitThunk [0x0x7ffe97d1e8d7+23]
	RtlUserThreadStart [0x0x7ffe98f7c34c+44]

2025-07-03 20:00:46,810 - INFO - Attempting to click login button with selector: button[type="submit"]
2025-07-03 20:00:46,813 - INFO - Looking for element: button[type="submit"]
2025-07-03 20:00:50,380 - ERROR - Element not found or not clickable: button[type="submit"]
2025-07-03 20:00:50,381 - WARNING - Failed to click login button with selector 'button[type="submit"]': Message: 
Stacktrace:
	GetHandleVerifier [0x0x7ff7cf036f95+76917]
	GetHandleVerifier [0x0x7ff7cf036ff0+77008]
	(No symbol) [0x0x7ff7cede9dea]
	(No symbol) [0x0x7ff7cee40256]
	(No symbol) [0x0x7ff7cee4050c]
	(No symbol) [0x0x7ff7cee93887]
	(No symbol) [0x0x7ff7cee684af]
	(No symbol) [0x0x7ff7cee9065c]
	(No symbol) [0x0x7ff7cee68243]
	(No symbol) [0x0x7ff7cee31431]
	(No symbol) [0x0x7ff7cee321c3]
	GetHandleVerifier [0x0x7ff7cf30d2cd+3051437]
	GetHandleVerifier [0x0x7ff7cf307923+3028483]
	GetHandleVerifier [0x0x7ff7cf3258bd+3151261]
	GetHandleVerifier [0x0x7ff7cf05185e+185662]
	GetHandleVerifier [0x0x7ff7cf05971f+218111]
	GetHandleVerifier [0x0x7ff7cf03fb14+112628]
	GetHandleVerifier [0x0x7ff7cf03fcc9+113065]
	GetHandleVerifier [0x0x7ff7cf026c98+10616]
	BaseThreadInitThunk [0x0x7ffe97d1e8d7+23]
	RtlUserThreadStart [0x0x7ffe98f7c34c+44]

2025-07-03 20:00:50,382 - INFO - Attempting to click login button with selector: input[type="submit"]
2025-07-03 20:00:50,382 - INFO - Looking for element: input[type="submit"]
2025-07-03 20:00:53,937 - ERROR - Element not found or not clickable: input[type="submit"]
2025-07-03 20:00:53,938 - WARNING - Failed to click login button with selector 'input[type="submit"]': Message: 
Stacktrace:
	GetHandleVerifier [0x0x7ff7cf036f95+76917]
	GetHandleVerifier [0x0x7ff7cf036ff0+77008]
	(No symbol) [0x0x7ff7cede9dea]
	(No symbol) [0x0x7ff7cee40256]
	(No symbol) [0x0x7ff7cee4050c]
	(No symbol) [0x0x7ff7cee93887]
	(No symbol) [0x0x7ff7cee684af]
	(No symbol) [0x0x7ff7cee9065c]
	(No symbol) [0x0x7ff7cee68243]
	(No symbol) [0x0x7ff7cee31431]
	(No symbol) [0x0x7ff7cee321c3]
	GetHandleVerifier [0x0x7ff7cf30d2cd+3051437]
	GetHandleVerifier [0x0x7ff7cf307923+3028483]
	GetHandleVerifier [0x0x7ff7cf3258bd+3151261]
	GetHandleVerifier [0x0x7ff7cf05185e+185662]
	GetHandleVerifier [0x0x7ff7cf05971f+218111]
	GetHandleVerifier [0x0x7ff7cf03fb14+112628]
	GetHandleVerifier [0x0x7ff7cf03fcc9+113065]
	GetHandleVerifier [0x0x7ff7cf026c98+10616]
	BaseThreadInitThunk [0x0x7ffe97d1e8d7+23]
	RtlUserThreadStart [0x0x7ffe98f7c34c+44]

2025-07-03 20:00:53,942 - INFO - Attempting to click login button with selector: .login-btn
2025-07-03 20:00:53,944 - INFO - Looking for element: .login-btn
2025-07-03 20:00:57,482 - ERROR - Element not found or not clickable: .login-btn
2025-07-03 20:00:57,483 - WARNING - Failed to click login button with selector '.login-btn': Message: 
Stacktrace:
	GetHandleVerifier [0x0x7ff7cf036f95+76917]
	GetHandleVerifier [0x0x7ff7cf036ff0+77008]
	(No symbol) [0x0x7ff7cede9dea]
	(No symbol) [0x0x7ff7cee40256]
	(No symbol) [0x0x7ff7cee4050c]
	(No symbol) [0x0x7ff7cee93887]
	(No symbol) [0x0x7ff7cee684af]
	(No symbol) [0x0x7ff7cee9065c]
	(No symbol) [0x0x7ff7cee68243]
	(No symbol) [0x0x7ff7cee31431]
	(No symbol) [0x0x7ff7cee321c3]
	GetHandleVerifier [0x0x7ff7cf30d2cd+3051437]
	GetHandleVerifier [0x0x7ff7cf307923+3028483]
	GetHandleVerifier [0x0x7ff7cf3258bd+3151261]
	GetHandleVerifier [0x0x7ff7cf05185e+185662]
	GetHandleVerifier [0x0x7ff7cf05971f+218111]
	GetHandleVerifier [0x0x7ff7cf03fb14+112628]
	GetHandleVerifier [0x0x7ff7cf03fcc9+113065]
	GetHandleVerifier [0x0x7ff7cf026c98+10616]
	BaseThreadInitThunk [0x0x7ffe97d1e8d7+23]
	RtlUserThreadStart [0x0x7ffe98f7c34c+44]

2025-07-03 20:00:57,484 - INFO - Attempting to click login button with selector: .btn-login
2025-07-03 20:00:57,484 - INFO - Looking for element: .btn-login
2025-07-03 20:01:01,056 - ERROR - Element not found or not clickable: .btn-login
2025-07-03 20:01:01,056 - WARNING - Failed to click login button with selector '.btn-login': Message: 
Stacktrace:
	GetHandleVerifier [0x0x7ff7cf036f95+76917]
	GetHandleVerifier [0x0x7ff7cf036ff0+77008]
	(No symbol) [0x0x7ff7cede9dea]
	(No symbol) [0x0x7ff7cee40256]
	(No symbol) [0x0x7ff7cee4050c]
	(No symbol) [0x0x7ff7cee93887]
	(No symbol) [0x0x7ff7cee684af]
	(No symbol) [0x0x7ff7cee9065c]
	(No symbol) [0x0x7ff7cee68243]
	(No symbol) [0x0x7ff7cee31431]
	(No symbol) [0x0x7ff7cee321c3]
	GetHandleVerifier [0x0x7ff7cf30d2cd+3051437]
	GetHandleVerifier [0x0x7ff7cf307923+3028483]
	GetHandleVerifier [0x0x7ff7cf3258bd+3151261]
	GetHandleVerifier [0x0x7ff7cf05185e+185662]
	GetHandleVerifier [0x0x7ff7cf05971f+218111]
	GetHandleVerifier [0x0x7ff7cf03fb14+112628]
	GetHandleVerifier [0x0x7ff7cf03fcc9+113065]
	GetHandleVerifier [0x0x7ff7cf026c98+10616]
	BaseThreadInitThunk [0x0x7ffe97d1e8d7+23]
	RtlUserThreadStart [0x0x7ffe98f7c34c+44]

2025-07-03 20:01:01,057 - INFO - Attempting to click login button with selector: #login-btn
2025-07-03 20:01:01,058 - INFO - Looking for element: #login-btn
2025-07-03 20:01:04,605 - ERROR - Element not found or not clickable: #login-btn
2025-07-03 20:01:04,607 - WARNING - Failed to click login button with selector '#login-btn': Message: 
Stacktrace:
	GetHandleVerifier [0x0x7ff7cf036f95+76917]
	GetHandleVerifier [0x0x7ff7cf036ff0+77008]
	(No symbol) [0x0x7ff7cede9dea]
	(No symbol) [0x0x7ff7cee40256]
	(No symbol) [0x0x7ff7cee4050c]
	(No symbol) [0x0x7ff7cee93887]
	(No symbol) [0x0x7ff7cee684af]
	(No symbol) [0x0x7ff7cee9065c]
	(No symbol) [0x0x7ff7cee68243]
	(No symbol) [0x0x7ff7cee31431]
	(No symbol) [0x0x7ff7cee321c3]
	GetHandleVerifier [0x0x7ff7cf30d2cd+3051437]
	GetHandleVerifier [0x0x7ff7cf307923+3028483]
	GetHandleVerifier [0x0x7ff7cf3258bd+3151261]
	GetHandleVerifier [0x0x7ff7cf05185e+185662]
	GetHandleVerifier [0x0x7ff7cf05971f+218111]
	GetHandleVerifier [0x0x7ff7cf03fb14+112628]
	GetHandleVerifier [0x0x7ff7cf03fcc9+113065]
	GetHandleVerifier [0x0x7ff7cf026c98+10616]
	BaseThreadInitThunk [0x0x7ffe97d1e8d7+23]
	RtlUserThreadStart [0x0x7ffe98f7c34c+44]

2025-07-03 20:01:04,609 - INFO - Attempting to click login button with selector: #submit
2025-07-03 20:01:04,610 - INFO - Looking for element: #submit
2025-07-03 20:01:08,188 - ERROR - Element not found or not clickable: #submit
2025-07-03 20:01:08,191 - WARNING - Failed to click login button with selector '#submit': Message: 
Stacktrace:
	GetHandleVerifier [0x0x7ff7cf036f95+76917]
	GetHandleVerifier [0x0x7ff7cf036ff0+77008]
	(No symbol) [0x0x7ff7cede9dea]
	(No symbol) [0x0x7ff7cee40256]
	(No symbol) [0x0x7ff7cee4050c]
	(No symbol) [0x0x7ff7cee93887]
	(No symbol) [0x0x7ff7cee684af]
	(No symbol) [0x0x7ff7cee9065c]
	(No symbol) [0x0x7ff7cee68243]
	(No symbol) [0x0x7ff7cee31431]
	(No symbol) [0x0x7ff7cee321c3]
	GetHandleVerifier [0x0x7ff7cf30d2cd+3051437]
	GetHandleVerifier [0x0x7ff7cf307923+3028483]
	GetHandleVerifier [0x0x7ff7cf3258bd+3151261]
	GetHandleVerifier [0x0x7ff7cf05185e+185662]
	GetHandleVerifier [0x0x7ff7cf05971f+218111]
	GetHandleVerifier [0x0x7ff7cf03fb14+112628]
	GetHandleVerifier [0x0x7ff7cf03fcc9+113065]
	GetHandleVerifier [0x0x7ff7cf026c98+10616]
	BaseThreadInitThunk [0x0x7ffe97d1e8d7+23]
	RtlUserThreadStart [0x0x7ffe98f7c34c+44]

2025-07-03 20:01:08,193 - ERROR - Could not find or click login button with any selector
2025-07-03 20:01:08,194 - INFO - Attempting to find login button by text content...
2025-07-03 20:01:08,194 - INFO - Looking for element: //button[contains(text(), 'Login')]
2025-07-03 20:01:11,766 - ERROR - Element not found or not clickable: //button[contains(text(), 'Login')]
2025-07-03 20:01:11,767 - INFO - Looking for element: //button[contains(text(), 'Sign In')]
2025-07-03 20:01:15,308 - ERROR - Element not found or not clickable: //button[contains(text(), 'Sign In')]
2025-07-03 20:01:15,309 - INFO - Looking for element: //button[contains(text(), 'Log In')]
2025-07-03 20:01:18,831 - ERROR - Element not found or not clickable: //button[contains(text(), 'Log In')]
2025-07-03 20:01:18,831 - INFO - Looking for element: //input[@value='Login']
2025-07-03 20:01:22,347 - ERROR - Element not found or not clickable: //input[@value='Login']
2025-07-03 20:01:22,348 - INFO - Looking for element: //input[@value='Sign In']
2025-07-03 20:01:26,299 - ERROR - Element not found or not clickable: //input[@value='Sign In']
2025-07-03 20:01:26,306 - INFO - Looking for element: //input[@value='Log In']
2025-07-03 20:01:29,878 - ERROR - Element not found or not clickable: //input[@value='Log In']
2025-07-03 20:01:29,879 - ERROR - All login button attempts failed
2025-07-03 20:01:29,880 - INFO - Attempting force click as last resort...
2025-07-03 20:01:29,881 - INFO - Attempting to force click login button using JavaScript...
2025-07-03 20:02:00,454 - ERROR - Force click login button failed
2025-07-03 20:02:00,466 - ERROR - All login button attempts including force click failed
2025-07-03 20:02:00,483 - ERROR - Login failed. Stopping automation.
2025-07-03 20:02:03,917 - INFO - Browser closed
2025-07-03 20:02:12,969 - INFO - Chrome browser initialized successfully
2025-07-03 20:02:12,970 - INFO - Starting UPRS web automation...
2025-07-03 20:02:12,970 - INFO - Starting login process...
2025-07-03 20:02:12,971 - INFO - Navigating to: https://rears.retainedequity.com/#/
2025-07-03 20:02:15,074 - INFO - Successfully navigated to: https://rears.retainedequity.com/#/
2025-07-03 20:02:18,124 - INFO - === DEBUGGING PAGE ELEMENTS ===
2025-07-03 20:02:18,355 - INFO - Found 7 input elements:
2025-07-03 20:02:20,476 - INFO -   Input 1: type='text', id='usern', name='no-name', class='uk-input uk-border-rounded'
2025-07-03 20:02:23,195 - INFO -   Input 2: type='password', id='pass', name='no-name', class='uk-input uk-border-rounded'
2025-07-03 20:02:24,864 - INFO -   Input 3: type='text', id='txtFirstName', name='no-name', class='no-class'
2025-07-03 20:02:25,209 - INFO -   Input 4: type='text', id='txtLastName', name='no-name', class='no-class'
2025-07-03 20:02:25,327 - INFO -   Input 5: type='text', id='txtLinkedIn', name='no-name', class='no-class'
2025-07-03 20:02:25,453 - INFO -   Input 6: type='checkbox', id='chkPrimaryContact', name='no-name', class='no-class'
2025-07-03 20:02:25,796 - INFO -   Input 7: type='text', id='txtPersonId', name='no-name', class='no-class'
2025-07-03 20:02:25,846 - INFO - Found 1 button elements:
2025-07-03 20:02:26,146 - INFO -   Button 1: text='LOGIN', id='no-id', class='uk-button uk-border-rounded uk-width-1-1 loginBtn button secondaryButton ui-button ui-widget ui-state-default ui-corner-all ui-button-text-only', type='submit'
2025-07-03 20:02:29,299 - INFO - Found 0 submit input elements:
2025-07-03 20:02:29,302 - INFO - === END DEBUGGING ===
2025-07-03 20:02:29,305 - INFO - Looking for input field: #username
2025-07-03 20:02:32,885 - ERROR - Input field not found: #username
2025-07-03 20:02:32,888 - INFO - Looking for input field: input[name="username"]
2025-07-03 20:02:36,437 - ERROR - Input field not found: input[name="username"]
2025-07-03 20:02:36,439 - INFO - Looking for input field: input[name="email"]
2025-07-03 20:02:40,484 - ERROR - Input field not found: input[name="email"]
2025-07-03 20:02:41,258 - INFO - Looking for input field: input[type="text"]
2025-07-03 20:02:50,841 - INFO - Successfully entered text in: input[type="text"]
2025-07-03 20:02:51,420 - INFO - Username entered using selector: input[type="text"]
2025-07-03 20:02:51,430 - INFO - Looking for input field: #password
2025-07-03 20:02:55,271 - ERROR - Input field not found: #password
2025-07-03 20:02:55,272 - INFO - Looking for input field: input[name="password"]
2025-07-03 20:03:01,034 - ERROR - Input field not found: input[name="password"]
2025-07-03 20:03:01,037 - INFO - Looking for input field: input[type="password"]
2025-07-03 20:03:02,727 - INFO - Successfully entered text in: input[type="password"]
2025-07-03 20:03:03,230 - INFO - Password entered using selector: input[type="password"]
2025-07-03 20:03:03,254 - INFO - Attempting to click login button with selector: button[type="submit"]
2025-07-03 20:03:03,262 - INFO - Looking for element: button[type="submit"]
2025-07-03 20:03:07,085 - ERROR - Element not found or not clickable: button[type="submit"]
2025-07-03 20:03:07,088 - WARNING - Failed to click login button with selector 'button[type="submit"]': Message: 
Stacktrace:
	GetHandleVerifier [0x0x7ff7cf036f95+76917]
	GetHandleVerifier [0x0x7ff7cf036ff0+77008]
	(No symbol) [0x0x7ff7cede9dea]
	(No symbol) [0x0x7ff7cee40256]
	(No symbol) [0x0x7ff7cee4050c]
	(No symbol) [0x0x7ff7cee93887]
	(No symbol) [0x0x7ff7cee684af]
	(No symbol) [0x0x7ff7cee9065c]
	(No symbol) [0x0x7ff7cee68243]
	(No symbol) [0x0x7ff7cee31431]
	(No symbol) [0x0x7ff7cee321c3]
	GetHandleVerifier [0x0x7ff7cf30d2cd+3051437]
	GetHandleVerifier [0x0x7ff7cf307923+3028483]
	GetHandleVerifier [0x0x7ff7cf3258bd+3151261]
	GetHandleVerifier [0x0x7ff7cf05185e+185662]
	GetHandleVerifier [0x0x7ff7cf05971f+218111]
	GetHandleVerifier [0x0x7ff7cf03fb14+112628]
	GetHandleVerifier [0x0x7ff7cf03fcc9+113065]
	GetHandleVerifier [0x0x7ff7cf026c98+10616]
	BaseThreadInitThunk [0x0x7ffe97d1e8d7+23]
	RtlUserThreadStart [0x0x7ffe98f7c34c+44]

2025-07-03 20:03:07,090 - INFO - Attempting to click login button with selector: button[type="submit"]
2025-07-03 20:03:07,097 - INFO - Looking for element: button[type="submit"]
2025-07-03 20:03:10,841 - ERROR - Element not found or not clickable: button[type="submit"]
2025-07-03 20:03:10,842 - WARNING - Failed to click login button with selector 'button[type="submit"]': Message: 
Stacktrace:
	GetHandleVerifier [0x0x7ff7cf036f95+76917]
	GetHandleVerifier [0x0x7ff7cf036ff0+77008]
	(No symbol) [0x0x7ff7cede9dea]
	(No symbol) [0x0x7ff7cee40256]
	(No symbol) [0x0x7ff7cee4050c]
	(No symbol) [0x0x7ff7cee93887]
	(No symbol) [0x0x7ff7cee684af]
	(No symbol) [0x0x7ff7cee9065c]
	(No symbol) [0x0x7ff7cee68243]
	(No symbol) [0x0x7ff7cee31431]
	(No symbol) [0x0x7ff7cee321c3]
	GetHandleVerifier [0x0x7ff7cf30d2cd+3051437]
	GetHandleVerifier [0x0x7ff7cf307923+3028483]
	GetHandleVerifier [0x0x7ff7cf3258bd+3151261]
	GetHandleVerifier [0x0x7ff7cf05185e+185662]
	GetHandleVerifier [0x0x7ff7cf05971f+218111]
	GetHandleVerifier [0x0x7ff7cf03fb14+112628]
	GetHandleVerifier [0x0x7ff7cf03fcc9+113065]
	GetHandleVerifier [0x0x7ff7cf026c98+10616]
	BaseThreadInitThunk [0x0x7ffe97d1e8d7+23]
	RtlUserThreadStart [0x0x7ffe98f7c34c+44]

2025-07-03 20:03:10,921 - INFO - Attempting to click login button with selector: input[type="submit"]
2025-07-03 20:03:10,962 - INFO - Looking for element: input[type="submit"]
2025-07-03 20:03:15,358 - ERROR - Element not found or not clickable: input[type="submit"]
2025-07-03 20:03:15,361 - WARNING - Failed to click login button with selector 'input[type="submit"]': Message: 
Stacktrace:
	GetHandleVerifier [0x0x7ff7cf036f95+76917]
	GetHandleVerifier [0x0x7ff7cf036ff0+77008]
	(No symbol) [0x0x7ff7cede9dea]
	(No symbol) [0x0x7ff7cee40256]
	(No symbol) [0x0x7ff7cee4050c]
	(No symbol) [0x0x7ff7cee93887]
	(No symbol) [0x0x7ff7cee684af]
	(No symbol) [0x0x7ff7cee9065c]
	(No symbol) [0x0x7ff7cee68243]
	(No symbol) [0x0x7ff7cee31431]
	(No symbol) [0x0x7ff7cee321c3]
	GetHandleVerifier [0x0x7ff7cf30d2cd+3051437]
	GetHandleVerifier [0x0x7ff7cf307923+3028483]
	GetHandleVerifier [0x0x7ff7cf3258bd+3151261]
	GetHandleVerifier [0x0x7ff7cf05185e+185662]
	GetHandleVerifier [0x0x7ff7cf05971f+218111]
	GetHandleVerifier [0x0x7ff7cf03fb14+112628]
	GetHandleVerifier [0x0x7ff7cf03fcc9+113065]
	GetHandleVerifier [0x0x7ff7cf026c98+10616]
	BaseThreadInitThunk [0x0x7ffe97d1e8d7+23]
	RtlUserThreadStart [0x0x7ffe98f7c34c+44]

2025-07-03 20:03:15,368 - INFO - Attempting to click login button with selector: .login-btn
2025-07-03 20:03:15,372 - INFO - Looking for element: .login-btn
2025-07-03 20:03:19,049 - ERROR - Element not found or not clickable: .login-btn
2025-07-03 20:03:19,056 - WARNING - Failed to click login button with selector '.login-btn': Message: 
Stacktrace:
	GetHandleVerifier [0x0x7ff7cf036f95+76917]
	GetHandleVerifier [0x0x7ff7cf036ff0+77008]
	(No symbol) [0x0x7ff7cede9dea]
	(No symbol) [0x0x7ff7cee40256]
	(No symbol) [0x0x7ff7cee4050c]
	(No symbol) [0x0x7ff7cee93887]
	(No symbol) [0x0x7ff7cee684af]
	(No symbol) [0x0x7ff7cee9065c]
	(No symbol) [0x0x7ff7cee68243]
	(No symbol) [0x0x7ff7cee31431]
	(No symbol) [0x0x7ff7cee321c3]
	GetHandleVerifier [0x0x7ff7cf30d2cd+3051437]
	GetHandleVerifier [0x0x7ff7cf307923+3028483]
	GetHandleVerifier [0x0x7ff7cf3258bd+3151261]
	GetHandleVerifier [0x0x7ff7cf05185e+185662]
	GetHandleVerifier [0x0x7ff7cf05971f+218111]
	GetHandleVerifier [0x0x7ff7cf03fb14+112628]
	GetHandleVerifier [0x0x7ff7cf03fcc9+113065]
	GetHandleVerifier [0x0x7ff7cf026c98+10616]
	BaseThreadInitThunk [0x0x7ffe97d1e8d7+23]
	RtlUserThreadStart [0x0x7ffe98f7c34c+44]

2025-07-03 20:03:19,058 - INFO - Attempting to click login button with selector: .btn-login
2025-07-03 20:03:19,059 - INFO - Looking for element: .btn-login
2025-07-03 20:03:22,607 - ERROR - Element not found or not clickable: .btn-login
2025-07-03 20:03:22,608 - WARNING - Failed to click login button with selector '.btn-login': Message: 
Stacktrace:
	GetHandleVerifier [0x0x7ff7cf036f95+76917]
	GetHandleVerifier [0x0x7ff7cf036ff0+77008]
	(No symbol) [0x0x7ff7cede9dea]
	(No symbol) [0x0x7ff7cee40256]
	(No symbol) [0x0x7ff7cee4050c]
	(No symbol) [0x0x7ff7cee93887]
	(No symbol) [0x0x7ff7cee684af]
	(No symbol) [0x0x7ff7cee9065c]
	(No symbol) [0x0x7ff7cee68243]
	(No symbol) [0x0x7ff7cee31431]
	(No symbol) [0x0x7ff7cee321c3]
	GetHandleVerifier [0x0x7ff7cf30d2cd+3051437]
	GetHandleVerifier [0x0x7ff7cf307923+3028483]
	GetHandleVerifier [0x0x7ff7cf3258bd+3151261]
	GetHandleVerifier [0x0x7ff7cf05185e+185662]
	GetHandleVerifier [0x0x7ff7cf05971f+218111]
	GetHandleVerifier [0x0x7ff7cf03fb14+112628]
	GetHandleVerifier [0x0x7ff7cf03fcc9+113065]
	GetHandleVerifier [0x0x7ff7cf026c98+10616]
	BaseThreadInitThunk [0x0x7ffe97d1e8d7+23]
	RtlUserThreadStart [0x0x7ffe98f7c34c+44]

2025-07-03 20:03:22,609 - INFO - Attempting to click login button with selector: #login-btn
2025-07-03 20:03:22,610 - INFO - Looking for element: #login-btn
2025-07-03 20:03:26,399 - ERROR - Element not found or not clickable: #login-btn
2025-07-03 20:03:26,440 - WARNING - Failed to click login button with selector '#login-btn': Message: 
Stacktrace:
	GetHandleVerifier [0x0x7ff7cf036f95+76917]
	GetHandleVerifier [0x0x7ff7cf036ff0+77008]
	(No symbol) [0x0x7ff7cede9dea]
	(No symbol) [0x0x7ff7cee40256]
	(No symbol) [0x0x7ff7cee4050c]
	(No symbol) [0x0x7ff7cee93887]
	(No symbol) [0x0x7ff7cee684af]
	(No symbol) [0x0x7ff7cee9065c]
	(No symbol) [0x0x7ff7cee68243]
	(No symbol) [0x0x7ff7cee31431]
	(No symbol) [0x0x7ff7cee321c3]
	GetHandleVerifier [0x0x7ff7cf30d2cd+3051437]
	GetHandleVerifier [0x0x7ff7cf307923+3028483]
	GetHandleVerifier [0x0x7ff7cf3258bd+3151261]
	GetHandleVerifier [0x0x7ff7cf05185e+185662]
	GetHandleVerifier [0x0x7ff7cf05971f+218111]
	GetHandleVerifier [0x0x7ff7cf03fb14+112628]
	GetHandleVerifier [0x0x7ff7cf03fcc9+113065]
	GetHandleVerifier [0x0x7ff7cf026c98+10616]
	BaseThreadInitThunk [0x0x7ffe97d1e8d7+23]
	RtlUserThreadStart [0x0x7ffe98f7c34c+44]

2025-07-03 20:03:26,449 - INFO - Attempting to click login button with selector: #submit
2025-07-03 20:03:26,504 - INFO - Looking for element: #submit
2025-07-03 20:03:30,156 - ERROR - Element not found or not clickable: #submit
2025-07-03 20:03:30,250 - WARNING - Failed to click login button with selector '#submit': Message: 
Stacktrace:
	GetHandleVerifier [0x0x7ff7cf036f95+76917]
	GetHandleVerifier [0x0x7ff7cf036ff0+77008]
	(No symbol) [0x0x7ff7cede9dea]
	(No symbol) [0x0x7ff7cee40256]
	(No symbol) [0x0x7ff7cee4050c]
	(No symbol) [0x0x7ff7cee93887]
	(No symbol) [0x0x7ff7cee684af]
	(No symbol) [0x0x7ff7cee9065c]
	(No symbol) [0x0x7ff7cee68243]
	(No symbol) [0x0x7ff7cee31431]
	(No symbol) [0x0x7ff7cee321c3]
	GetHandleVerifier [0x0x7ff7cf30d2cd+3051437]
	GetHandleVerifier [0x0x7ff7cf307923+3028483]
	GetHandleVerifier [0x0x7ff7cf3258bd+3151261]
	GetHandleVerifier [0x0x7ff7cf05185e+185662]
	GetHandleVerifier [0x0x7ff7cf05971f+218111]
	GetHandleVerifier [0x0x7ff7cf03fb14+112628]
	GetHandleVerifier [0x0x7ff7cf03fcc9+113065]
	GetHandleVerifier [0x0x7ff7cf026c98+10616]
	BaseThreadInitThunk [0x0x7ffe97d1e8d7+23]
	RtlUserThreadStart [0x0x7ffe98f7c34c+44]

2025-07-03 20:03:30,259 - ERROR - Could not find or click login button with any selector
2025-07-03 20:03:30,262 - INFO - Attempting to find login button by text content...
2025-07-03 20:03:30,263 - INFO - Looking for element: //button[contains(text(), 'Login')]
2025-07-03 20:03:34,009 - ERROR - Element not found or not clickable: //button[contains(text(), 'Login')]
2025-07-03 20:03:34,009 - INFO - Looking for element: //button[contains(text(), 'Sign In')]
2025-07-03 20:03:37,573 - ERROR - Element not found or not clickable: //button[contains(text(), 'Sign In')]
2025-07-03 20:03:37,574 - INFO - Looking for element: //button[contains(text(), 'Log In')]
2025-07-03 20:03:41,145 - ERROR - Element not found or not clickable: //button[contains(text(), 'Log In')]
2025-07-03 20:03:41,148 - INFO - Looking for element: //input[@value='Login']
2025-07-03 20:03:44,735 - ERROR - Element not found or not clickable: //input[@value='Login']
2025-07-03 20:03:44,736 - INFO - Looking for element: //input[@value='Sign In']
2025-07-03 20:03:48,289 - ERROR - Element not found or not clickable: //input[@value='Sign In']
2025-07-03 20:03:48,290 - INFO - Looking for element: //input[@value='Log In']
2025-07-03 20:03:51,815 - ERROR - Element not found or not clickable: //input[@value='Log In']
2025-07-03 20:03:51,833 - ERROR - All login button attempts failed
2025-07-03 20:03:51,858 - INFO - Attempting force click as last resort...
2025-07-03 20:03:51,861 - INFO - Attempting to force click login button using JavaScript...
2025-07-03 20:04:16,596 - ERROR - Force click login button failed
2025-07-03 20:04:16,596 - ERROR - All login button attempts including force click failed
2025-07-03 20:04:16,596 - ERROR - Login failed. Stopping automation.
2025-07-03 20:04:18,933 - INFO - Browser closed
